<?xml version="1.0" encoding="UTF-8"?>
<testsuite xmlns:xsi="http://www.w3.org/2001/XMLSchema-instance" xsi:noNamespaceSchemaLocation="https://maven.apache.org/surefire/maven-surefire-plugin/xsd/surefire-test-report.xsd" name="com.referme.candidate.CandidateApplicationTests" time="7.617" tests="1" errors="0" skipped="0" failures="0">
  <properties>
    <property name="java.specification.version" value="14"/>
    <property name="sun.cpu.isalist" value="amd64"/>
    <property name="sun.jnu.encoding" value="Cp1252"/>
    <property name="java.class.path" value="D:\ReferMe\referme\referme\target\test-classes;D:\ReferMe\referme\referme\target\classes;C:\Users\e5628651\.m2\repository\org\springframework\boot\spring-boot-starter-actuator\2.6.0-M2\spring-boot-starter-actuator-2.6.0-M2.jar;C:\Users\e5628651\.m2\repository\org\springframework\boot\spring-boot-starter\2.6.0-M2\spring-boot-starter-2.6.0-M2.jar;C:\Users\e5628651\.m2\repository\org\springframework\boot\spring-boot-starter-logging\2.6.0-M2\spring-boot-starter-logging-2.6.0-M2.jar;C:\Users\e5628651\.m2\repository\ch\qos\logback\logback-classic\1.2.5\logback-classic-1.2.5.jar;C:\Users\e5628651\.m2\repository\ch\qos\logback\logback-core\1.2.5\logback-core-1.2.5.jar;C:\Users\e5628651\.m2\repository\org\apache\logging\log4j\log4j-to-slf4j\2.14.1\log4j-to-slf4j-2.14.1.jar;C:\Users\e5628651\.m2\repository\org\apache\logging\log4j\log4j-api\2.14.1\log4j-api-2.14.1.jar;C:\Users\e5628651\.m2\repository\org\slf4j\jul-to-slf4j\1.7.32\jul-to-slf4j-1.7.32.jar;C:\Users\e5628651\.m2\repository\jakarta\annotation\jakarta.annotation-api\1.3.5\jakarta.annotation-api-1.3.5.jar;C:\Users\e5628651\.m2\repository\org\yaml\snakeyaml\1.29\snakeyaml-1.29.jar;C:\Users\e5628651\.m2\repository\org\springframework\boot\spring-boot-actuator-autoconfigure\2.6.0-M2\spring-boot-actuator-autoconfigure-2.6.0-M2.jar;C:\Users\e5628651\.m2\repository\org\springframework\boot\spring-boot-actuator\2.6.0-M2\spring-boot-actuator-2.6.0-M2.jar;C:\Users\e5628651\.m2\repository\com\fasterxml\jackson\core\jackson-databind\2.12.4\jackson-databind-2.12.4.jar;C:\Users\e5628651\.m2\repository\com\fasterxml\jackson\core\jackson-core\2.12.4\jackson-core-2.12.4.jar;C:\Users\e5628651\.m2\repository\com\fasterxml\jackson\datatype\jackson-datatype-jsr310\2.12.4\jackson-datatype-jsr310-2.12.4.jar;C:\Users\e5628651\.m2\repository\io\micrometer\micrometer-core\1.8.0-M2\micrometer-core-1.8.0-M2.jar;C:\Users\e5628651\.m2\repository\org\hdrhistogram\HdrHistogram\2.1.12\HdrHistogram-2.1.12.jar;C:\Users\e5628651\.m2\repository\org\latencyutils\LatencyUtils\2.0.3\LatencyUtils-2.0.3.jar;C:\Users\e5628651\.m2\repository\org\springframework\boot\spring-boot-starter-data-rest\2.6.0-M2\spring-boot-starter-data-rest-2.6.0-M2.jar;C:\Users\e5628651\.m2\repository\org\springframework\data\spring-data-rest-webmvc\3.6.0-M2\spring-data-rest-webmvc-3.6.0-M2.jar;C:\Users\e5628651\.m2\repository\org\springframework\data\spring-data-rest-core\3.6.0-M2\spring-data-rest-core-3.6.0-M2.jar;C:\Users\e5628651\.m2\repository\org\springframework\hateoas\spring-hateoas\1.4.0-M2\spring-hateoas-1.4.0-M2.jar;C:\Users\e5628651\.m2\repository\org\springframework\data\spring-data-commons\2.6.0-M2\spring-data-commons-2.6.0-M2.jar;C:\Users\e5628651\.m2\repository\org\springframework\plugin\spring-plugin-core\2.0.0.RELEASE\spring-plugin-core-2.0.0.RELEASE.jar;C:\Users\e5628651\.m2\repository\org\atteo\evo-inflector\1.2.2\evo-inflector-1.2.2.jar;C:\Users\e5628651\.m2\repository\com\fasterxml\jackson\core\jackson-annotations\2.12.4\jackson-annotations-2.12.4.jar;C:\Users\e5628651\.m2\repository\org\springframework\boot\spring-boot-starter-oauth2-client\2.6.0-M2\spring-boot-starter-oauth2-client-2.6.0-M2.jar;C:\Users\e5628651\.m2\repository\com\sun\mail\jakarta.mail\1.6.7\jakarta.mail-1.6.7.jar;C:\Users\e5628651\.m2\repository\com\sun\activation\jakarta.activation\1.2.2\jakarta.activation-1.2.2.jar;C:\Users\e5628651\.m2\repository\org\springframework\security\spring-security-config\5.6.0-M2\spring-security-config-5.6.0-M2.jar;C:\Users\e5628651\.m2\repository\org\springframework\spring-aop\5.3.9\spring-aop-5.3.9.jar;C:\Users\e5628651\.m2\repository\org\springframework\spring-beans\5.3.9\spring-beans-5.3.9.jar;C:\Users\e5628651\.m2\repository\org\springframework\security\spring-security-core\5.6.0-M2\spring-security-core-5.6.0-M2.jar;C:\Users\e5628651\.m2\repository\org\springframework\security\spring-security-crypto\5.6.0-M2\spring-security-crypto-5.6.0-M2.jar;C:\Users\e5628651\.m2\repository\org\springframework\spring-expression\5.3.9\spring-expression-5.3.9.jar;C:\Users\e5628651\.m2\repository\org\springframework\security\spring-security-oauth2-client\5.6.0-M2\spring-security-oauth2-client-5.6.0-M2.jar;C:\Users\e5628651\.m2\repository\org\springframework\security\spring-security-oauth2-core\5.6.0-M2\spring-security-oauth2-core-5.6.0-M2.jar;C:\Users\e5628651\.m2\repository\org\springframework\security\spring-security-web\5.6.0-M2\spring-security-web-5.6.0-M2.jar;C:\Users\e5628651\.m2\repository\com\nimbusds\oauth2-oidc-sdk\9.12\oauth2-oidc-sdk-9.12.jar;C:\Users\e5628651\.m2\repository\com\github\stephenc\jcip\jcip-annotations\1.0-1\jcip-annotations-1.0-1.jar;C:\Users\e5628651\.m2\repository\com\nimbusds\content-type\2.1\content-type-2.1.jar;C:\Users\e5628651\.m2\repository\com\nimbusds\lang-tag\1.5\lang-tag-1.5.jar;C:\Users\e5628651\.m2\repository\org\springframework\security\spring-security-oauth2-jose\5.6.0-M2\spring-security-oauth2-jose-5.6.0-M2.jar;C:\Users\e5628651\.m2\repository\com\nimbusds\nimbus-jose-jwt\9.11.3\nimbus-jose-jwt-9.11.3.jar;C:\Users\e5628651\.m2\repository\org\springframework\boot\spring-boot-starter-thymeleaf\2.6.0-M2\spring-boot-starter-thymeleaf-2.6.0-M2.jar;C:\Users\e5628651\.m2\repository\org\thymeleaf\thymeleaf-spring5\3.0.12.RELEASE\thymeleaf-spring5-3.0.12.RELEASE.jar;C:\Users\e5628651\.m2\repository\org\thymeleaf\thymeleaf\3.0.12.RELEASE\thymeleaf-3.0.12.RELEASE.jar;C:\Users\e5628651\.m2\repository\org\attoparser\attoparser\2.0.5.RELEASE\attoparser-2.0.5.RELEASE.jar;C:\Users\e5628651\.m2\repository\org\unbescape\unbescape\1.1.6.RELEASE\unbescape-1.1.6.RELEASE.jar;C:\Users\e5628651\.m2\repository\org\thymeleaf\extras\thymeleaf-extras-java8time\3.0.4.RELEASE\thymeleaf-extras-java8time-3.0.4.RELEASE.jar;C:\Users\e5628651\.m2\repository\org\springframework\boot\spring-boot-starter-web\2.6.0-M2\spring-boot-starter-web-2.6.0-M2.jar;C:\Users\e5628651\.m2\repository\org\springframework\boot\spring-boot-starter-json\2.6.0-M2\spring-boot-starter-json-2.6.0-M2.jar;C:\Users\e5628651\.m2\repository\com\fasterxml\jackson\datatype\jackson-datatype-jdk8\2.12.4\jackson-datatype-jdk8-2.12.4.jar;C:\Users\e5628651\.m2\repository\com\fasterxml\jackson\module\jackson-module-parameter-names\2.12.4\jackson-module-parameter-names-2.12.4.jar;C:\Users\e5628651\.m2\repository\org\springframework\boot\spring-boot-starter-tomcat\2.6.0-M2\spring-boot-starter-tomcat-2.6.0-M2.jar;C:\Users\e5628651\.m2\repository\org\apache\tomcat\embed\tomcat-embed-core\9.0.52\tomcat-embed-core-9.0.52.jar;C:\Users\e5628651\.m2\repository\org\apache\tomcat\embed\tomcat-embed-el\9.0.52\tomcat-embed-el-9.0.52.jar;C:\Users\e5628651\.m2\repository\org\apache\tomcat\embed\tomcat-embed-websocket\9.0.52\tomcat-embed-websocket-9.0.52.jar;C:\Users\e5628651\.m2\repository\org\springframework\spring-web\5.3.9\spring-web-5.3.9.jar;C:\Users\e5628651\.m2\repository\org\springframework\spring-webmvc\5.3.9\spring-webmvc-5.3.9.jar;C:\Users\e5628651\.m2\repository\org\springframework\kafka\spring-kafka\2.8.0-M2\spring-kafka-2.8.0-M2.jar;C:\Users\e5628651\.m2\repository\org\springframework\spring-context\5.3.9\spring-context-5.3.9.jar;C:\Users\e5628651\.m2\repository\org\springframework\spring-messaging\5.3.9\spring-messaging-5.3.9.jar;C:\Users\e5628651\.m2\repository\org\springframework\spring-tx\5.3.9\spring-tx-5.3.9.jar;C:\Users\e5628651\.m2\repository\org\springframework\retry\spring-retry\1.3.1\spring-retry-1.3.1.jar;C:\Users\e5628651\.m2\repository\javax\annotation\javax.annotation-api\1.3.2\javax.annotation-api-1.3.2.jar;C:\Users\e5628651\.m2\repository\org\apache\kafka\kafka-clients\2.8.0\kafka-clients-2.8.0.jar;C:\Users\e5628651\.m2\repository\com\github\luben\zstd-jni\1.4.9-1\zstd-jni-1.4.9-1.jar;C:\Users\e5628651\.m2\repository\org\lz4\lz4-java\1.7.1\lz4-java-1.7.1.jar;C:\Users\e5628651\.m2\repository\org\xerial\snappy\snappy-java\1.1.8.1\snappy-java-1.1.8.1.jar;C:\Users\e5628651\.m2\repository\com\google\code\findbugs\jsr305\3.0.2\jsr305-3.0.2.jar;C:\Users\e5628651\.m2\repository\org\springframework\boot\spring-boot-devtools\2.6.0-M2\spring-boot-devtools-2.6.0-M2.jar;C:\Users\e5628651\.m2\repository\org\springframework\boot\spring-boot\2.6.0-M2\spring-boot-2.6.0-M2.jar;C:\Users\e5628651\.m2\repository\org\springframework\boot\spring-boot-autoconfigure\2.6.0-M2\spring-boot-autoconfigure-2.6.0-M2.jar;C:\Users\e5628651\.m2\repository\io\micrometer\micrometer-registry-influx\1.8.0-M2\micrometer-registry-influx-1.8.0-M2.jar;C:\Users\e5628651\.m2\repository\org\slf4j\slf4j-api\1.7.32\slf4j-api-1.7.32.jar;C:\Users\e5628651\.m2\repository\org\springframework\boot\spring-boot-starter-test\2.6.0-M2\spring-boot-starter-test-2.6.0-M2.jar;C:\Users\e5628651\.m2\repository\org\springframework\boot\spring-boot-test\2.6.0-M2\spring-boot-test-2.6.0-M2.jar;C:\Users\e5628651\.m2\repository\org\springframework\boot\spring-boot-test-autoconfigure\2.6.0-M2\spring-boot-test-autoconfigure-2.6.0-M2.jar;C:\Users\e5628651\.m2\repository\com\jayway\jsonpath\json-path\2.6.0\json-path-2.6.0.jar;C:\Users\e5628651\.m2\repository\net\minidev\json-smart\2.4.7\json-smart-2.4.7.jar;C:\Users\e5628651\.m2\repository\net\minidev\accessors-smart\2.4.7\accessors-smart-2.4.7.jar;C:\Users\e5628651\.m2\repository\org\ow2\asm\asm\9.1\asm-9.1.jar;C:\Users\e5628651\.m2\repository\jakarta\xml\bind\jakarta.xml.bind-api\2.3.3\jakarta.xml.bind-api-2.3.3.jar;C:\Users\e5628651\.m2\repository\jakarta\activation\jakarta.activation-api\1.2.2\jakarta.activation-api-1.2.2.jar;C:\Users\e5628651\.m2\repository\org\assertj\assertj-core\3.20.2\assertj-core-3.20.2.jar;C:\Users\e5628651\.m2\repository\org\hamcrest\hamcrest\2.2\hamcrest-2.2.jar;C:\Users\e5628651\.m2\repository\org\junit\jupiter\junit-jupiter\5.7.2\junit-jupiter-5.7.2.jar;C:\Users\e5628651\.m2\repository\org\junit\jupiter\junit-jupiter-params\5.7.2\junit-jupiter-params-5.7.2.jar;C:\Users\e5628651\.m2\repository\org\junit\jupiter\junit-jupiter-engine\5.7.2\junit-jupiter-engine-5.7.2.jar;C:\Users\e5628651\.m2\repository\org\junit\platform\junit-platform-engine\1.7.2\junit-platform-engine-1.7.2.jar;C:\Users\e5628651\.m2\repository\org\mockito\mockito-core\3.11.2\mockito-core-3.11.2.jar;C:\Users\e5628651\.m2\repository\net\bytebuddy\byte-buddy\1.11.12\byte-buddy-1.11.12.jar;C:\Users\e5628651\.m2\repository\net\bytebuddy\byte-buddy-agent\1.11.12\byte-buddy-agent-1.11.12.jar;C:\Users\e5628651\.m2\repository\org\objenesis\objenesis\3.2\objenesis-3.2.jar;C:\Users\e5628651\.m2\repository\org\mockito\mockito-junit-jupiter\3.11.2\mockito-junit-jupiter-3.11.2.jar;C:\Users\e5628651\.m2\repository\org\skyscreamer\jsonassert\1.5.0\jsonassert-1.5.0.jar;C:\Users\e5628651\.m2\repository\com\vaadin\external\google\android-json\0.0.20131108.vaadin1\android-json-0.0.20131108.vaadin1.jar;C:\Users\e5628651\.m2\repository\org\springframework\spring-core\5.3.9\spring-core-5.3.9.jar;C:\Users\e5628651\.m2\repository\org\springframework\spring-jcl\5.3.9\spring-jcl-5.3.9.jar;C:\Users\e5628651\.m2\repository\org\springframework\spring-test\5.3.9\spring-test-5.3.9.jar;C:\Users\e5628651\.m2\repository\org\xmlunit\xmlunit-core\2.8.2\xmlunit-core-2.8.2.jar;C:\Users\e5628651\.m2\repository\org\springframework\kafka\spring-kafka-test\2.8.0-M2\spring-kafka-test-2.8.0-M2.jar;C:\Users\e5628651\.m2\repository\org\apache\kafka\kafka-clients\2.8.0\kafka-clients-2.8.0-test.jar;C:\Users\e5628651\.m2\repository\org\apache\kafka\kafka-streams\2.8.0\kafka-streams-2.8.0.jar;C:\Users\e5628651\.m2\repository\org\apache\kafka\connect-json\2.8.0\connect-json-2.8.0.jar;C:\Users\e5628651\.m2\repository\org\apache\kafka\connect-api\2.8.0\connect-api-2.8.0.jar;C:\Users\e5628651\.m2\repository\org\rocksdb\rocksdbjni\5.18.4\rocksdbjni-5.18.4.jar;C:\Users\e5628651\.m2\repository\org\apache\kafka\kafka-streams-test-utils\2.8.0\kafka-streams-test-utils-2.8.0.jar;C:\Users\e5628651\.m2\repository\org\apache\kafka\kafka_2.13\2.8.0\kafka_2.13-2.8.0.jar;C:\Users\e5628651\.m2\repository\org\apache\kafka\kafka-metadata\2.8.0\kafka-metadata-2.8.0.jar;C:\Users\e5628651\.m2\repository\org\apache\kafka\kafka-raft\2.8.0\kafka-raft-2.8.0.jar;C:\Users\e5628651\.m2\repository\net\sourceforge\argparse4j\argparse4j\0.7.0\argparse4j-0.7.0.jar;C:\Users\e5628651\.m2\repository\com\fasterxml\jackson\module\jackson-module-scala_2.13\2.12.4\jackson-module-scala_2.13-2.12.4.jar;C:\Users\e5628651\.m2\repository\com\thoughtworks\paranamer\paranamer\2.8\paranamer-2.8.jar;C:\Users\e5628651\.m2\repository\com\fasterxml\jackson\dataformat\jackson-dataformat-csv\2.12.4\jackson-dataformat-csv-2.12.4.jar;C:\Users\e5628651\.m2\repository\net\sf\jopt-simple\jopt-simple\5.0.4\jopt-simple-5.0.4.jar;C:\Users\e5628651\.m2\repository\com\yammer\metrics\metrics-core\2.2.0\metrics-core-2.2.0.jar;C:\Users\e5628651\.m2\repository\org\scala-lang\modules\scala-collection-compat_2.13\2.3.0\scala-collection-compat_2.13-2.3.0.jar;C:\Users\e5628651\.m2\repository\org\scala-lang\modules\scala-java8-compat_2.13\0.9.1\scala-java8-compat_2.13-0.9.1.jar;C:\Users\e5628651\.m2\repository\org\scala-lang\scala-library\2.13.5\scala-library-2.13.5.jar;C:\Users\e5628651\.m2\repository\org\scala-lang\scala-reflect\2.13.5\scala-reflect-2.13.5.jar;C:\Users\e5628651\.m2\repository\com\typesafe\scala-logging\scala-logging_2.13\3.9.2\scala-logging_2.13-3.9.2.jar;C:\Users\e5628651\.m2\repository\org\apache\zookeeper\zookeeper\3.5.9\zookeeper-3.5.9.jar;C:\Users\e5628651\.m2\repository\org\apache\zookeeper\zookeeper-jute\3.5.9\zookeeper-jute-3.5.9.jar;C:\Users\e5628651\.m2\repository\org\apache\yetus\audience-annotations\0.5.0\audience-annotations-0.5.0.jar;C:\Users\e5628651\.m2\repository\io\netty\netty-handler\4.1.67.Final\netty-handler-4.1.67.Final.jar;C:\Users\e5628651\.m2\repository\io\netty\netty-common\4.1.67.Final\netty-common-4.1.67.Final.jar;C:\Users\e5628651\.m2\repository\io\netty\netty-resolver\4.1.67.Final\netty-resolver-4.1.67.Final.jar;C:\Users\e5628651\.m2\repository\io\netty\netty-buffer\4.1.67.Final\netty-buffer-4.1.67.Final.jar;C:\Users\e5628651\.m2\repository\io\netty\netty-transport\4.1.67.Final\netty-transport-4.1.67.Final.jar;C:\Users\e5628651\.m2\repository\io\netty\netty-codec\4.1.67.Final\netty-codec-4.1.67.Final.jar;C:\Users\e5628651\.m2\repository\io\netty\netty-transport-native-epoll\4.1.67.Final\netty-transport-native-epoll-4.1.67.Final.jar;C:\Users\e5628651\.m2\repository\io\netty\netty-transport-native-unix-common\4.1.67.Final\netty-transport-native-unix-common-4.1.67.Final.jar;C:\Users\e5628651\.m2\repository\commons-cli\commons-cli\1.4\commons-cli-1.4.jar;C:\Users\e5628651\.m2\repository\org\apache\kafka\kafka_2.13\2.8.0\kafka_2.13-2.8.0-test.jar;C:\Users\e5628651\.m2\repository\org\junit\jupiter\junit-jupiter-api\5.7.2\junit-jupiter-api-5.7.2.jar;C:\Users\e5628651\.m2\repository\org\apiguardian\apiguardian-api\1.1.0\apiguardian-api-1.1.0.jar;C:\Users\e5628651\.m2\repository\org\opentest4j\opentest4j\1.2.0\opentest4j-1.2.0.jar;C:\Users\e5628651\.m2\repository\org\junit\platform\junit-platform-commons\1.7.2\junit-platform-commons-1.7.2.jar;"/>
    <property name="java.vm.vendor" value="Oracle Corporation"/>
    <property name="sun.arch.data.model" value="64"/>
    <property name="user.variant" value=""/>
    <property name="java.vendor.url" value="https://java.oracle.com/"/>
    <property name="user.timezone" value="Asia/Calcutta"/>
    <property name="os.name" value="Windows 10"/>
    <property name="java.vm.specification.version" value="14"/>
    <property name="sun.java.launcher" value="SUN_STANDARD"/>
    <property name="user.country" value="US"/>
    <property name="sun.boot.library.path" value="C:\Users\e5628651\.jdks\openjdk-14.0.2\bin"/>
    <property name="sun.java.command" value="C:\Users\e5628651\AppData\Local\Temp\1\surefire6971161339847284578\surefirebooter3752766370739241685.jar C:\Users\e5628651\AppData\Local\Temp\1\surefire6971161339847284578 2021-09-04T14-47-52_282-jvmRun1 surefire9673416913075235859tmp surefire_04555226875884401460tmp"/>
    <property name="jdk.debug" value="release"/>
    <property name="surefire.test.class.path" value="D:\ReferMe\referme\referme\target\test-classes;D:\ReferMe\referme\referme\target\classes;C:\Users\e5628651\.m2\repository\org\springframework\boot\spring-boot-starter-actuator\2.6.0-M2\spring-boot-starter-actuator-2.6.0-M2.jar;C:\Users\e5628651\.m2\repository\org\springframework\boot\spring-boot-starter\2.6.0-M2\spring-boot-starter-2.6.0-M2.jar;C:\Users\e5628651\.m2\repository\org\springframework\boot\spring-boot-starter-logging\2.6.0-M2\spring-boot-starter-logging-2.6.0-M2.jar;C:\Users\e5628651\.m2\repository\ch\qos\logback\logback-classic\1.2.5\logback-classic-1.2.5.jar;C:\Users\e5628651\.m2\repository\ch\qos\logback\logback-core\1.2.5\logback-core-1.2.5.jar;C:\Users\e5628651\.m2\repository\org\apache\logging\log4j\log4j-to-slf4j\2.14.1\log4j-to-slf4j-2.14.1.jar;C:\Users\e5628651\.m2\repository\org\apache\logging\log4j\log4j-api\2.14.1\log4j-api-2.14.1.jar;C:\Users\e5628651\.m2\repository\org\slf4j\jul-to-slf4j\1.7.32\jul-to-slf4j-1.7.32.jar;C:\Users\e5628651\.m2\repository\jakarta\annotation\jakarta.annotation-api\1.3.5\jakarta.annotation-api-1.3.5.jar;C:\Users\e5628651\.m2\repository\org\yaml\snakeyaml\1.29\snakeyaml-1.29.jar;C:\Users\e5628651\.m2\repository\org\springframework\boot\spring-boot-actuator-autoconfigure\2.6.0-M2\spring-boot-actuator-autoconfigure-2.6.0-M2.jar;C:\Users\e5628651\.m2\repository\org\springframework\boot\spring-boot-actuator\2.6.0-M2\spring-boot-actuator-2.6.0-M2.jar;C:\Users\e5628651\.m2\repository\com\fasterxml\jackson\core\jackson-databind\2.12.4\jackson-databind-2.12.4.jar;C:\Users\e5628651\.m2\repository\com\fasterxml\jackson\core\jackson-core\2.12.4\jackson-core-2.12.4.jar;C:\Users\e5628651\.m2\repository\com\fasterxml\jackson\datatype\jackson-datatype-jsr310\2.12.4\jackson-datatype-jsr310-2.12.4.jar;C:\Users\e5628651\.m2\repository\io\micrometer\micrometer-core\1.8.0-M2\micrometer-core-1.8.0-M2.jar;C:\Users\e5628651\.m2\repository\org\hdrhistogram\HdrHistogram\2.1.12\HdrHistogram-2.1.12.jar;C:\Users\e5628651\.m2\repository\org\latencyutils\LatencyUtils\2.0.3\LatencyUtils-2.0.3.jar;C:\Users\e5628651\.m2\repository\org\springframework\boot\spring-boot-starter-data-rest\2.6.0-M2\spring-boot-starter-data-rest-2.6.0-M2.jar;C:\Users\e5628651\.m2\repository\org\springframework\data\spring-data-rest-webmvc\3.6.0-M2\spring-data-rest-webmvc-3.6.0-M2.jar;C:\Users\e5628651\.m2\repository\org\springframework\data\spring-data-rest-core\3.6.0-M2\spring-data-rest-core-3.6.0-M2.jar;C:\Users\e5628651\.m2\repository\org\springframework\hateoas\spring-hateoas\1.4.0-M2\spring-hateoas-1.4.0-M2.jar;C:\Users\e5628651\.m2\repository\org\springframework\data\spring-data-commons\2.6.0-M2\spring-data-commons-2.6.0-M2.jar;C:\Users\e5628651\.m2\repository\org\springframework\plugin\spring-plugin-core\2.0.0.RELEASE\spring-plugin-core-2.0.0.RELEASE.jar;C:\Users\e5628651\.m2\repository\org\atteo\evo-inflector\1.2.2\evo-inflector-1.2.2.jar;C:\Users\e5628651\.m2\repository\com\fasterxml\jackson\core\jackson-annotations\2.12.4\jackson-annotations-2.12.4.jar;C:\Users\e5628651\.m2\repository\org\springframework\boot\spring-boot-starter-oauth2-client\2.6.0-M2\spring-boot-starter-oauth2-client-2.6.0-M2.jar;C:\Users\e5628651\.m2\repository\com\sun\mail\jakarta.mail\1.6.7\jakarta.mail-1.6.7.jar;C:\Users\e5628651\.m2\repository\com\sun\activation\jakarta.activation\1.2.2\jakarta.activation-1.2.2.jar;C:\Users\e5628651\.m2\repository\org\springframework\security\spring-security-config\5.6.0-M2\spring-security-config-5.6.0-M2.jar;C:\Users\e5628651\.m2\repository\org\springframework\spring-aop\5.3.9\spring-aop-5.3.9.jar;C:\Users\e5628651\.m2\repository\org\springframework\spring-beans\5.3.9\spring-beans-5.3.9.jar;C:\Users\e5628651\.m2\repository\org\springframework\security\spring-security-core\5.6.0-M2\spring-security-core-5.6.0-M2.jar;C:\Users\e5628651\.m2\repository\org\springframework\security\spring-security-crypto\5.6.0-M2\spring-security-crypto-5.6.0-M2.jar;C:\Users\e5628651\.m2\repository\org\springframework\spring-expression\5.3.9\spring-expression-5.3.9.jar;C:\Users\e5628651\.m2\repository\org\springframework\security\spring-security-oauth2-client\5.6.0-M2\spring-security-oauth2-client-5.6.0-M2.jar;C:\Users\e5628651\.m2\repository\org\springframework\security\spring-security-oauth2-core\5.6.0-M2\spring-security-oauth2-core-5.6.0-M2.jar;C:\Users\e5628651\.m2\repository\org\springframework\security\spring-security-web\5.6.0-M2\spring-security-web-5.6.0-M2.jar;C:\Users\e5628651\.m2\repository\com\nimbusds\oauth2-oidc-sdk\9.12\oauth2-oidc-sdk-9.12.jar;C:\Users\e5628651\.m2\repository\com\github\stephenc\jcip\jcip-annotations\1.0-1\jcip-annotations-1.0-1.jar;C:\Users\e5628651\.m2\repository\com\nimbusds\content-type\2.1\content-type-2.1.jar;C:\Users\e5628651\.m2\repository\com\nimbusds\lang-tag\1.5\lang-tag-1.5.jar;C:\Users\e5628651\.m2\repository\org\springframework\security\spring-security-oauth2-jose\5.6.0-M2\spring-security-oauth2-jose-5.6.0-M2.jar;C:\Users\e5628651\.m2\repository\com\nimbusds\nimbus-jose-jwt\9.11.3\nimbus-jose-jwt-9.11.3.jar;C:\Users\e5628651\.m2\repository\org\springframework\boot\spring-boot-starter-thymeleaf\2.6.0-M2\spring-boot-starter-thymeleaf-2.6.0-M2.jar;C:\Users\e5628651\.m2\repository\org\thymeleaf\thymeleaf-spring5\3.0.12.RELEASE\thymeleaf-spring5-3.0.12.RELEASE.jar;C:\Users\e5628651\.m2\repository\org\thymeleaf\thymeleaf\3.0.12.RELEASE\thymeleaf-3.0.12.RELEASE.jar;C:\Users\e5628651\.m2\repository\org\attoparser\attoparser\2.0.5.RELEASE\attoparser-2.0.5.RELEASE.jar;C:\Users\e5628651\.m2\repository\org\unbescape\unbescape\1.1.6.RELEASE\unbescape-1.1.6.RELEASE.jar;C:\Users\e5628651\.m2\repository\org\thymeleaf\extras\thymeleaf-extras-java8time\3.0.4.RELEASE\thymeleaf-extras-java8time-3.0.4.RELEASE.jar;C:\Users\e5628651\.m2\repository\org\springframework\boot\spring-boot-starter-web\2.6.0-M2\spring-boot-starter-web-2.6.0-M2.jar;C:\Users\e5628651\.m2\repository\org\springframework\boot\spring-boot-starter-json\2.6.0-M2\spring-boot-starter-json-2.6.0-M2.jar;C:\Users\e5628651\.m2\repository\com\fasterxml\jackson\datatype\jackson-datatype-jdk8\2.12.4\jackson-datatype-jdk8-2.12.4.jar;C:\Users\e5628651\.m2\repository\com\fasterxml\jackson\module\jackson-module-parameter-names\2.12.4\jackson-module-parameter-names-2.12.4.jar;C:\Users\e5628651\.m2\repository\org\springframework\boot\spring-boot-starter-tomcat\2.6.0-M2\spring-boot-starter-tomcat-2.6.0-M2.jar;C:\Users\e5628651\.m2\repository\org\apache\tomcat\embed\tomcat-embed-core\9.0.52\tomcat-embed-core-9.0.52.jar;C:\Users\e5628651\.m2\repository\org\apache\tomcat\embed\tomcat-embed-el\9.0.52\tomcat-embed-el-9.0.52.jar;C:\Users\e5628651\.m2\repository\org\apache\tomcat\embed\tomcat-embed-websocket\9.0.52\tomcat-embed-websocket-9.0.52.jar;C:\Users\e5628651\.m2\repository\org\springframework\spring-web\5.3.9\spring-web-5.3.9.jar;C:\Users\e5628651\.m2\repository\org\springframework\spring-webmvc\5.3.9\spring-webmvc-5.3.9.jar;C:\Users\e5628651\.m2\repository\org\springframework\kafka\spring-kafka\2.8.0-M2\spring-kafka-2.8.0-M2.jar;C:\Users\e5628651\.m2\repository\org\springframework\spring-context\5.3.9\spring-context-5.3.9.jar;C:\Users\e5628651\.m2\repository\org\springframework\spring-messaging\5.3.9\spring-messaging-5.3.9.jar;C:\Users\e5628651\.m2\repository\org\springframework\spring-tx\5.3.9\spring-tx-5.3.9.jar;C:\Users\e5628651\.m2\repository\org\springframework\retry\spring-retry\1.3.1\spring-retry-1.3.1.jar;C:\Users\e5628651\.m2\repository\javax\annotation\javax.annotation-api\1.3.2\javax.annotation-api-1.3.2.jar;C:\Users\e5628651\.m2\repository\org\apache\kafka\kafka-clients\2.8.0\kafka-clients-2.8.0.jar;C:\Users\e5628651\.m2\repository\com\github\luben\zstd-jni\1.4.9-1\zstd-jni-1.4.9-1.jar;C:\Users\e5628651\.m2\repository\org\lz4\lz4-java\1.7.1\lz4-java-1.7.1.jar;C:\Users\e5628651\.m2\repository\org\xerial\snappy\snappy-java\1.1.8.1\snappy-java-1.1.8.1.jar;C:\Users\e5628651\.m2\repository\com\google\code\findbugs\jsr305\3.0.2\jsr305-3.0.2.jar;C:\Users\e5628651\.m2\repository\org\springframework\boot\spring-boot-devtools\2.6.0-M2\spring-boot-devtools-2.6.0-M2.jar;C:\Users\e5628651\.m2\repository\org\springframework\boot\spring-boot\2.6.0-M2\spring-boot-2.6.0-M2.jar;C:\Users\e5628651\.m2\repository\org\springframework\boot\spring-boot-autoconfigure\2.6.0-M2\spring-boot-autoconfigure-2.6.0-M2.jar;C:\Users\e5628651\.m2\repository\io\micrometer\micrometer-registry-influx\1.8.0-M2\micrometer-registry-influx-1.8.0-M2.jar;C:\Users\e5628651\.m2\repository\org\slf4j\slf4j-api\1.7.32\slf4j-api-1.7.32.jar;C:\Users\e5628651\.m2\repository\org\springframework\boot\spring-boot-starter-test\2.6.0-M2\spring-boot-starter-test-2.6.0-M2.jar;C:\Users\e5628651\.m2\repository\org\springframework\boot\spring-boot-test\2.6.0-M2\spring-boot-test-2.6.0-M2.jar;C:\Users\e5628651\.m2\repository\org\springframework\boot\spring-boot-test-autoconfigure\2.6.0-M2\spring-boot-test-autoconfigure-2.6.0-M2.jar;C:\Users\e5628651\.m2\repository\com\jayway\jsonpath\json-path\2.6.0\json-path-2.6.0.jar;C:\Users\e5628651\.m2\repository\net\minidev\json-smart\2.4.7\json-smart-2.4.7.jar;C:\Users\e5628651\.m2\repository\net\minidev\accessors-smart\2.4.7\accessors-smart-2.4.7.jar;C:\Users\e5628651\.m2\repository\org\ow2\asm\asm\9.1\asm-9.1.jar;C:\Users\e5628651\.m2\repository\jakarta\xml\bind\jakarta.xml.bind-api\2.3.3\jakarta.xml.bind-api-2.3.3.jar;C:\Users\e5628651\.m2\repository\jakarta\activation\jakarta.activation-api\1.2.2\jakarta.activation-api-1.2.2.jar;C:\Users\e5628651\.m2\repository\org\assertj\assertj-core\3.20.2\assertj-core-3.20.2.jar;C:\Users\e5628651\.m2\repository\org\hamcrest\hamcrest\2.2\hamcrest-2.2.jar;C:\Users\e5628651\.m2\repository\org\junit\jupiter\junit-jupiter\5.7.2\junit-jupiter-5.7.2.jar;C:\Users\e5628651\.m2\repository\org\junit\jupiter\junit-jupiter-params\5.7.2\junit-jupiter-params-5.7.2.jar;C:\Users\e5628651\.m2\repository\org\junit\jupiter\junit-jupiter-engine\5.7.2\junit-jupiter-engine-5.7.2.jar;C:\Users\e5628651\.m2\repository\org\junit\platform\junit-platform-engine\1.7.2\junit-platform-engine-1.7.2.jar;C:\Users\e5628651\.m2\repository\org\mockito\mockito-core\3.11.2\mockito-core-3.11.2.jar;C:\Users\e5628651\.m2\repository\net\bytebuddy\byte-buddy\1.11.12\byte-buddy-1.11.12.jar;C:\Users\e5628651\.m2\repository\net\bytebuddy\byte-buddy-agent\1.11.12\byte-buddy-agent-1.11.12.jar;C:\Users\e5628651\.m2\repository\org\objenesis\objenesis\3.2\objenesis-3.2.jar;C:\Users\e5628651\.m2\repository\org\mockito\mockito-junit-jupiter\3.11.2\mockito-junit-jupiter-3.11.2.jar;C:\Users\e5628651\.m2\repository\org\skyscreamer\jsonassert\1.5.0\jsonassert-1.5.0.jar;C:\Users\e5628651\.m2\repository\com\vaadin\external\google\android-json\0.0.20131108.vaadin1\android-json-0.0.20131108.vaadin1.jar;C:\Users\e5628651\.m2\repository\org\springframework\spring-core\5.3.9\spring-core-5.3.9.jar;C:\Users\e5628651\.m2\repository\org\springframework\spring-jcl\5.3.9\spring-jcl-5.3.9.jar;C:\Users\e5628651\.m2\repository\org\springframework\spring-test\5.3.9\spring-test-5.3.9.jar;C:\Users\e5628651\.m2\repository\org\xmlunit\xmlunit-core\2.8.2\xmlunit-core-2.8.2.jar;C:\Users\e5628651\.m2\repository\org\springframework\kafka\spring-kafka-test\2.8.0-M2\spring-kafka-test-2.8.0-M2.jar;C:\Users\e5628651\.m2\repository\org\apache\kafka\kafka-clients\2.8.0\kafka-clients-2.8.0-test.jar;C:\Users\e5628651\.m2\repository\org\apache\kafka\kafka-streams\2.8.0\kafka-streams-2.8.0.jar;C:\Users\e5628651\.m2\repository\org\apache\kafka\connect-json\2.8.0\connect-json-2.8.0.jar;C:\Users\e5628651\.m2\repository\org\apache\kafka\connect-api\2.8.0\connect-api-2.8.0.jar;C:\Users\e5628651\.m2\repository\org\rocksdb\rocksdbjni\5.18.4\rocksdbjni-5.18.4.jar;C:\Users\e5628651\.m2\repository\org\apache\kafka\kafka-streams-test-utils\2.8.0\kafka-streams-test-utils-2.8.0.jar;C:\Users\e5628651\.m2\repository\org\apache\kafka\kafka_2.13\2.8.0\kafka_2.13-2.8.0.jar;C:\Users\e5628651\.m2\repository\org\apache\kafka\kafka-metadata\2.8.0\kafka-metadata-2.8.0.jar;C:\Users\e5628651\.m2\repository\org\apache\kafka\kafka-raft\2.8.0\kafka-raft-2.8.0.jar;C:\Users\e5628651\.m2\repository\net\sourceforge\argparse4j\argparse4j\0.7.0\argparse4j-0.7.0.jar;C:\Users\e5628651\.m2\repository\com\fasterxml\jackson\module\jackson-module-scala_2.13\2.12.4\jackson-module-scala_2.13-2.12.4.jar;C:\Users\e5628651\.m2\repository\com\thoughtworks\paranamer\paranamer\2.8\paranamer-2.8.jar;C:\Users\e5628651\.m2\repository\com\fasterxml\jackson\dataformat\jackson-dataformat-csv\2.12.4\jackson-dataformat-csv-2.12.4.jar;C:\Users\e5628651\.m2\repository\net\sf\jopt-simple\jopt-simple\5.0.4\jopt-simple-5.0.4.jar;C:\Users\e5628651\.m2\repository\com\yammer\metrics\metrics-core\2.2.0\metrics-core-2.2.0.jar;C:\Users\e5628651\.m2\repository\org\scala-lang\modules\scala-collection-compat_2.13\2.3.0\scala-collection-compat_2.13-2.3.0.jar;C:\Users\e5628651\.m2\repository\org\scala-lang\modules\scala-java8-compat_2.13\0.9.1\scala-java8-compat_2.13-0.9.1.jar;C:\Users\e5628651\.m2\repository\org\scala-lang\scala-library\2.13.5\scala-library-2.13.5.jar;C:\Users\e5628651\.m2\repository\org\scala-lang\scala-reflect\2.13.5\scala-reflect-2.13.5.jar;C:\Users\e5628651\.m2\repository\com\typesafe\scala-logging\scala-logging_2.13\3.9.2\scala-logging_2.13-3.9.2.jar;C:\Users\e5628651\.m2\repository\org\apache\zookeeper\zookeeper\3.5.9\zookeeper-3.5.9.jar;C:\Users\e5628651\.m2\repository\org\apache\zookeeper\zookeeper-jute\3.5.9\zookeeper-jute-3.5.9.jar;C:\Users\e5628651\.m2\repository\org\apache\yetus\audience-annotations\0.5.0\audience-annotations-0.5.0.jar;C:\Users\e5628651\.m2\repository\io\netty\netty-handler\4.1.67.Final\netty-handler-4.1.67.Final.jar;C:\Users\e5628651\.m2\repository\io\netty\netty-common\4.1.67.Final\netty-common-4.1.67.Final.jar;C:\Users\e5628651\.m2\repository\io\netty\netty-resolver\4.1.67.Final\netty-resolver-4.1.67.Final.jar;C:\Users\e5628651\.m2\repository\io\netty\netty-buffer\4.1.67.Final\netty-buffer-4.1.67.Final.jar;C:\Users\e5628651\.m2\repository\io\netty\netty-transport\4.1.67.Final\netty-transport-4.1.67.Final.jar;C:\Users\e5628651\.m2\repository\io\netty\netty-codec\4.1.67.Final\netty-codec-4.1.67.Final.jar;C:\Users\e5628651\.m2\repository\io\netty\netty-transport-native-epoll\4.1.67.Final\netty-transport-native-epoll-4.1.67.Final.jar;C:\Users\e5628651\.m2\repository\io\netty\netty-transport-native-unix-common\4.1.67.Final\netty-transport-native-unix-common-4.1.67.Final.jar;C:\Users\e5628651\.m2\repository\commons-cli\commons-cli\1.4\commons-cli-1.4.jar;C:\Users\e5628651\.m2\repository\org\apache\kafka\kafka_2.13\2.8.0\kafka_2.13-2.8.0-test.jar;C:\Users\e5628651\.m2\repository\org\junit\jupiter\junit-jupiter-api\5.7.2\junit-jupiter-api-5.7.2.jar;C:\Users\e5628651\.m2\repository\org\apiguardian\apiguardian-api\1.1.0\apiguardian-api-1.1.0.jar;C:\Users\e5628651\.m2\repository\org\opentest4j\opentest4j\1.2.0\opentest4j-1.2.0.jar;C:\Users\e5628651\.m2\repository\org\junit\platform\junit-platform-commons\1.7.2\junit-platform-commons-1.7.2.jar;"/>
    <property name="sun.cpu.endian" value="little"/>
    <property name="user.home" value="C:\Users\e5628651"/>
    <property name="user.language" value="en"/>
    <property name="java.specification.vendor" value="Oracle Corporation"/>
    <property name="java.version.date" value="2020-07-14"/>
    <property name="java.home" value="C:\Users\e5628651\.jdks\openjdk-14.0.2"/>
    <property name="file.separator" value="\"/>
    <property name="basedir" value="D:\ReferMe\referme\referme"/>
    <property name="java.vm.compressedOopsMode" value="Zero based"/>
    <property name="line.separator" value="&#10;"/>
    <property name="java.vm.specification.vendor" value="Oracle Corporation"/>
    <property name="java.specification.name" value="Java Platform API Specification"/>
    <property name="surefire.real.class.path" value="C:\Users\e5628651\AppData\Local\Temp\1\surefire6971161339847284578\surefirebooter3752766370739241685.jar"/>
    <property name="user.script" value=""/>
    <property name="sun.management.compiler" value="HotSpot 64-Bit Tiered Compilers"/>
    <property name="java.runtime.version" value="14.0.2+12-46"/>
    <property name="user.name" value="e5628651"/>
    <property name="path.separator" value=";"/>
    <property name="os.version" value="10.0"/>
    <property name="java.runtime.name" value="OpenJDK Runtime Environment"/>
    <property name="file.encoding" value="Cp1252"/>
    <property name="java.vm.name" value="OpenJDK 64-Bit Server VM"/>
    <property name="localRepository" value="C:\Users\e5628651\.m2\repository"/>
    <property name="java.vendor.url.bug" value="https://bugreport.java.com/bugreport/"/>
    <property name="java.io.tmpdir" value="C:\Users\e5628651\AppData\Local\Temp\1\"/>
    <property name="idea.version" value="2020.2"/>
    <property name="java.version" value="14.0.2"/>
    <property name="user.dir" value="D:\ReferMe\referme\referme"/>
    <property name="os.arch" value="amd64"/>
    <property name="java.vm.specification.name" value="Java Virtual Machine Specification"/>
    <property name="sun.os.patch.level" value=""/>
    <property name="java.library.path" value="C:\Users\e5628651\.jdks\openjdk-14.0.2\bin;C:\windows\Sun\Java\bin;C:\windows\system32;C:\windows;C:\windows\system32;C:\windows;C:\windows\System32\Wbem;C:\windows\System32\WindowsPowerShell\v1.0\;C:\windows\System32\OpenSSH\;C:\Program Files\Git\cmd;C:\Users\e5628651\AppData\Local\Microsoft\WindowsApps;;C:\Users\e5628651\AppData\Local\JetBrains\IntelliJ IDEA Community Edition 2020.2\bin;;."/>
    <property name="java.vm.info" value="mixed mode, sharing"/>
    <property name="java.vendor" value="Oracle Corporation"/>
    <property name="java.vm.version" value="14.0.2+12-46"/>
    <property name="sun.io.unicode.encoding" value="UnicodeLittle"/>
    <property name="java.class.version" value="58.0"/>
  </properties>
  <testcase name="contextLoads" classname="com.referme.candidate.CandidateApplicationTests" time="1.394"/>
</testsuite>